  Particle.cpp
C:\Users\Tom\source\repos\FYP - Tinderbox\FYP-Tinderbox\FYP - Tinderbox\Particle.h(40,26): warning C4244: '*=': conversion from 'float' to 'unsigned int', possible loss of data
C:\Users\Tom\source\repos\FYP - Tinderbox\FYP-Tinderbox\FYP - Tinderbox\ParticleSimulation.h(37,38): warning C4227: anachronism used: qualifiers on reference are ignored
C:\Users\Tom\source\repos\FYP - Tinderbox\FYP-Tinderbox\FYP - Tinderbox\ParticleSimulation.h(51,44): warning C4227: anachronism used: qualifiers on reference are ignored
C:\Users\Tom\source\repos\FYP - Tinderbox\FYP-Tinderbox\FYP - Tinderbox\ParticleSimulation.h(71,24): warning C4267: 'return': conversion from 'size_t' to 'int', possible loss of data
  ParticleGas.cpp
C:\Users\Tom\source\repos\FYP - Tinderbox\FYP-Tinderbox\FYP - Tinderbox\Particle.h(40,26): warning C4244: '*=': conversion from 'float' to 'unsigned int', possible loss of data
C:\Users\Tom\source\repos\FYP - Tinderbox\FYP-Tinderbox\FYP - Tinderbox\ParticleSimulation.h(37,38): warning C4227: anachronism used: qualifiers on reference are ignored
C:\Users\Tom\source\repos\FYP - Tinderbox\FYP-Tinderbox\FYP - Tinderbox\ParticleSimulation.h(51,44): warning C4227: anachronism used: qualifiers on reference are ignored
C:\Users\Tom\source\repos\FYP - Tinderbox\FYP-Tinderbox\FYP - Tinderbox\ParticleSimulation.h(71,24): warning C4267: 'return': conversion from 'size_t' to 'int', possible loss of data
  ParticleLiquid.cpp
C:\Users\Tom\source\repos\FYP - Tinderbox\FYP-Tinderbox\FYP - Tinderbox\Particle.h(40,26): warning C4244: '*=': conversion from 'float' to 'unsigned int', possible loss of data
C:\Users\Tom\source\repos\FYP - Tinderbox\FYP-Tinderbox\FYP - Tinderbox\ParticleSimulation.h(37,38): warning C4227: anachronism used: qualifiers on reference are ignored
C:\Users\Tom\source\repos\FYP - Tinderbox\FYP-Tinderbox\FYP - Tinderbox\ParticleSimulation.h(51,44): warning C4227: anachronism used: qualifiers on reference are ignored
C:\Users\Tom\source\repos\FYP - Tinderbox\FYP-Tinderbox\FYP - Tinderbox\ParticleSimulation.h(71,24): warning C4267: 'return': conversion from 'size_t' to 'int', possible loss of data
  ParticlePowder.cpp
C:\Users\Tom\source\repos\FYP - Tinderbox\FYP-Tinderbox\FYP - Tinderbox\Particle.h(40,26): warning C4244: '*=': conversion from 'float' to 'unsigned int', possible loss of data
C:\Users\Tom\source\repos\FYP - Tinderbox\FYP-Tinderbox\FYP - Tinderbox\ParticleSimulation.h(37,38): warning C4227: anachronism used: qualifiers on reference are ignored
C:\Users\Tom\source\repos\FYP - Tinderbox\FYP-Tinderbox\FYP - Tinderbox\ParticleSimulation.h(51,44): warning C4227: anachronism used: qualifiers on reference are ignored
C:\Users\Tom\source\repos\FYP - Tinderbox\FYP-Tinderbox\FYP - Tinderbox\ParticleSimulation.h(71,24): warning C4267: 'return': conversion from 'size_t' to 'int', possible loss of data
C:\Users\Tom\source\repos\FYP - Tinderbox\FYP-Tinderbox\FYP - Tinderbox\ParticlePowder.cpp(49,18): warning C4018: '>=': signed/unsigned mismatch
  ParticleSimulation.cpp
C:\Users\Tom\source\repos\FYP - Tinderbox\FYP-Tinderbox\FYP - Tinderbox\Particle.h(40,26): warning C4244: '*=': conversion from 'float' to 'unsigned int', possible loss of data
C:\Users\Tom\source\repos\FYP - Tinderbox\FYP-Tinderbox\FYP - Tinderbox\ParticleSimulation.h(37,38): warning C4227: anachronism used: qualifiers on reference are ignored
C:\Users\Tom\source\repos\FYP - Tinderbox\FYP-Tinderbox\FYP - Tinderbox\ParticleSimulation.h(51,44): warning C4227: anachronism used: qualifiers on reference are ignored
C:\Users\Tom\source\repos\FYP - Tinderbox\FYP-Tinderbox\FYP - Tinderbox\ParticleSimulation.h(71,24): warning C4267: 'return': conversion from 'size_t' to 'int', possible loss of data
C:\Users\Tom\source\repos\FYP - Tinderbox\FYP-Tinderbox\FYP - Tinderbox\ParticleSimulation.cpp(285,62): warning C4244: 'initializing': conversion from 'float' to 'int', possible loss of data
C:\Users\Tom\source\repos\FYP - Tinderbox\FYP-Tinderbox\FYP - Tinderbox\ParticleSimulation.cpp(285,29): warning C4244: 'initializing': conversion from 'float' to 'const int', possible loss of data
C:\Users\Tom\source\repos\FYP - Tinderbox\FYP-Tinderbox\FYP - Tinderbox\ParticleSimulation.cpp(485,16): warning C4244: 'initializing': conversion from 'int' to 'float', possible loss of data
C:\Users\Tom\source\repos\FYP - Tinderbox\FYP-Tinderbox\FYP - Tinderbox\ParticleSimulation.cpp(486,16): warning C4244: 'initializing': conversion from 'int' to 'float', possible loss of data
C:\Users\Tom\source\repos\FYP - Tinderbox\FYP-Tinderbox\FYP - Tinderbox\ParticleSimulation.cpp(493,11): warning C4244: 'initializing': conversion from 'int' to 'float', possible loss of data
C:\Users\Tom\source\repos\FYP - Tinderbox\FYP-Tinderbox\FYP - Tinderbox\ParticleSimulation.cpp(494,11): warning C4244: 'initializing': conversion from 'int' to 'float', possible loss of data
C:\Users\Tom\source\repos\FYP - Tinderbox\FYP-Tinderbox\FYP - Tinderbox\ParticleSimulation.cpp(498,9): warning C4244: 'initializing': conversion from 'float' to 'int', possible loss of data
C:\Users\Tom\source\repos\FYP - Tinderbox\FYP-Tinderbox\FYP - Tinderbox\ParticleSimulation.cpp(499,9): warning C4244: 'initializing': conversion from 'float' to 'int', possible loss of data
C:\Users\Tom\source\repos\FYP - Tinderbox\FYP-Tinderbox\FYP - Tinderbox\ParticleSimulation.cpp(552,51): warning C4267: 'return': conversion from 'size_t' to 'int', possible loss of data
  main.cpp
C:\Users\Tom\source\repos\FYP - Tinderbox\FYP-Tinderbox\FYP - Tinderbox\Particle.h(40,26): warning C4244: '*=': conversion from 'float' to 'unsigned int', possible loss of data
C:\Users\Tom\source\repos\FYP - Tinderbox\FYP-Tinderbox\FYP - Tinderbox\ParticleSimulation.h(37,38): warning C4227: anachronism used: qualifiers on reference are ignored
C:\Users\Tom\source\repos\FYP - Tinderbox\FYP-Tinderbox\FYP - Tinderbox\ParticleSimulation.h(51,44): warning C4227: anachronism used: qualifiers on reference are ignored
C:\Users\Tom\source\repos\FYP - Tinderbox\FYP-Tinderbox\FYP - Tinderbox\ParticleSimulation.h(71,24): warning C4267: 'return': conversion from 'size_t' to 'int', possible loss of data
C:\Users\Tom\source\repos\FYP - Tinderbox\FYP-Tinderbox\FYP - Tinderbox\PerformanceReporter.h(29,45): warning C4227: anachronism used: qualifiers on reference are ignored
C:\Users\Tom\source\repos\FYP - Tinderbox\FYP-Tinderbox\FYP - Tinderbox\main.cpp(33,34): warning C4244: '/=': conversion from 'float' to 'T', possible loss of data
          with
          [
              T=int
          ]
C:\Users\Tom\source\repos\FYP - Tinderbox\FYP-Tinderbox\FYP - Tinderbox\main.cpp(34,34): warning C4244: '/=': conversion from 'float' to 'T', possible loss of data
          with
          [
              T=int
          ]
C:\Users\Tom\source\repos\FYP - Tinderbox\FYP-Tinderbox\FYP - Tinderbox\main.cpp(162,38): warning C4244: 'argument': conversion from 'int' to 'T', possible loss of data
          with
          [
              T=float
          ]
C:\Users\Tom\source\repos\FYP - Tinderbox\FYP-Tinderbox\FYP - Tinderbox\main.cpp(164,38): warning C4244: 'argument': conversion from 'int' to 'T', possible loss of data
          with
          [
              T=float
          ]
  Generating code
  31 of 1337 functions ( 2.3%) were compiled, the rest were copied from previous compilation.
    0 functions were new in current compilation
    8 functions had inline decision re-evaluated but remain unchanged
  Finished generating code
  FYP - Tinderbox.vcxproj -> C:\Users\Tom\source\repos\FYP - Tinderbox\FYP-Tinderbox\x64\Release\FYP - Tinderbox.exe
